<?xml version="1.0" encoding="UTF-8"?>
<!-- Generated by org.testng.reporters.JUnitReportReporter -->
<testsuite hostname="DESKTOP-H4ORJ48" failures="0" tests="1" name="batch7testNGproject1.testNGproject1.NewTest" time="28.897" errors="0" timestamp="2023-08-19T22:06:33 SGT" skipped="0">
  <testcase classname="batch7testNGproject1.testNGproject1.NewTest" name="fbtestcase1" time="28.897"/>
</testsuite> <!-- batch7testNGproject1.testNGproject1.NewTest -->
