<?xml version="1.0" encoding="UTF-8"?>
<!-- Generated by org.testng.reporters.JUnitReportReporter -->
<testsuite hostname="DESKTOP-H4ORJ48" failures="0" tests="2" name="batch7testNGproject1.testNGproject1.NewTestdp" time="70.179" errors="0" timestamp="2023-08-19T23:06:16 SGT" skipped="0">
  <testcase classname="batch7testNGproject1.testNGproject1.NewTestdp" name="f" time="44.227"/>
  <testcase classname="batch7testNGproject1.testNGproject1.NewTestdp" name="f" time="25.952"/>
</testsuite> <!-- batch7testNGproject1.testNGproject1.NewTestdp -->
